2024-09-05 10:08:27,741 [background-preinit] INFO  o.h.v.i.u.Version                                  - HV000001: Hibernate Validator 8.0.1.Final 
2024-09-05 10:08:28,328 [main] INFO  c.s.s.SpringBootProjectApplication                 - Starting SpringBootProjectApplication using Java 21.0.3 with PID 6712 (D:\Desktop\hocjava\spring_boot_project\target\classes started by HP in D:\Desktop\hocjava\spring_boot_project) 
2024-09-05 10:08:28,344 [main] INFO  c.s.s.SpringBootProjectApplication                 - No active profile set, falling back to 1 default profile: "default" 
2024-09-05 10:08:34,439 [main] INFO  o.s.d.r.c.RepositoryConfigurationDelegate          - Bootstrapping Spring Data JPA repositories in DEFAULT mode. 
2024-09-05 10:08:34,824 [main] INFO  o.s.d.r.c.RepositoryConfigurationDelegate          - Finished Spring Data repository scanning in 354 ms. Found 6 JPA repository interfaces. 
2024-09-05 10:08:39,293 [main] INFO  o.s.b.w.e.t.TomcatWebServer                        - Tomcat initialized with port 8080 (http) 
2024-09-05 10:08:39,337 [main] INFO  o.a.c.h.Http11NioProtocol                          - Initializing ProtocolHandler ["http-nio-8080"] 
2024-09-05 10:08:39,352 [main] INFO  o.a.c.c.StandardService                            - Starting service [Tomcat] 
2024-09-05 10:08:39,354 [main] INFO  o.a.c.c.StandardEngine                             - Starting Servlet engine: [Apache Tomcat/10.1.26] 
2024-09-05 10:08:39,869 [main] INFO  o.a.c.c.C.[.[.[/management]                        - Initializing Spring embedded WebApplicationContext 
2024-09-05 10:08:39,895 [main] INFO  o.s.b.w.s.c.ServletWebServerApplicationContext     - Root WebApplicationContext: initialization completed in 11219 ms 
2024-09-05 10:08:41,074 [main] INFO  o.h.j.i.u.LogHelper                                - HHH000204: Processing PersistenceUnitInfo [name: default] 
2024-09-05 10:08:41,524 [main] INFO  o.h.Version                                        - HHH000412: Hibernate ORM core version 6.4.9.Final 
2024-09-05 10:08:41,691 [main] INFO  o.h.c.i.RegionFactoryInitiator                     - HHH000026: Second-level cache disabled 
2024-09-05 10:08:43,047 [main] INFO  o.s.o.j.p.SpringPersistenceUnitInfo                - No LoadTimeWeaver setup: ignoring JPA class transformer 
2024-09-05 10:08:43,161 [main] INFO  c.z.h.HikariDataSource                             - HikariPool-1 - Starting... 
2024-09-05 10:08:45,545 [main] INFO  c.z.h.p.HikariPool                                 - HikariPool-1 - Added connection com.mysql.cj.jdbc.ConnectionImpl@41ec4271 
2024-09-05 10:08:45,558 [main] INFO  c.z.h.HikariDataSource                             - HikariPool-1 - Start completed. 
2024-09-05 10:08:46,047 [main] WARN  o.h.o.deprecation                                  - HHH90000025: MySQLDialect does not need to be specified explicitly using 'hibernate.dialect' (remove the property setting and it will be selected by default) 
2024-09-05 10:08:50,305 [main] INFO  o.h.e.t.j.p.i.JtaPlatformInitiator                 - HHH000489: No JTA platform available (set 'hibernate.transaction.jta.platform' to enable JTA platform integration) 
2024-09-05 10:08:50,746 [main] INFO  o.s.o.j.LocalContainerEntityManagerFactoryBean     - Initialized JPA EntityManagerFactory for persistence unit 'default' 
2024-09-05 10:08:53,084 [main] INFO  o.s.d.j.r.q.QueryEnhancerFactory                   - Hibernate is in classpath; If applicable, HQL parser will be used. 
2024-09-05 10:08:57,659 [main] WARN  o.s.b.a.o.j.JpaBaseConfiguration$JpaWebConfiguration - spring.jpa.open-in-view is enabled by default. Therefore, database queries may be performed during view rendering. Explicitly configure spring.jpa.open-in-view to disable this warning 
2024-09-05 10:08:59,374 [main] INFO  o.s.s.w.DefaultSecurityFilterChain                 - Will secure any request with [org.springframework.security.web.session.DisableEncodeUrlFilter@30c98124, org.springframework.security.web.context.request.async.WebAsyncManagerIntegrationFilter@47523643, org.springframework.security.web.context.SecurityContextHolderFilter@4b6b9255, org.springframework.security.web.header.HeaderWriterFilter@59f4df4e, org.springframework.web.filter.CorsFilter@4d9dd8cc, org.springframework.security.web.authentication.logout.LogoutFilter@286cd3ad, com.springboot.spring_boot_project.filter.JwtAuthFilter@13563e64, org.springframework.security.web.savedrequest.RequestCacheAwareFilter@5ae6a240, org.springframework.security.web.servletapi.SecurityContextHolderAwareRequestFilter@ce4a8a2, org.springframework.security.web.authentication.AnonymousAuthenticationFilter@10d1f6da, org.springframework.security.web.session.SessionManagementFilter@4b2164a9, org.springframework.security.web.access.ExceptionTranslationFilter@1f41742f, org.springframework.security.web.access.intercept.AuthorizationFilter@7dc155b3] 
2024-09-05 10:09:00,980 [main] INFO  o.a.c.h.Http11NioProtocol                          - Starting ProtocolHandler ["http-nio-8080"] 
2024-09-05 10:09:01,054 [main] INFO  o.s.b.w.e.t.TomcatWebServer                        - Tomcat started on port 8080 (http) with context path '/management' 
2024-09-05 10:09:01,097 [main] INFO  c.s.s.SpringBootProjectApplication                 - Started SpringBootProjectApplication in 35.385 seconds (process running for 44.805) 
2024-09-05 10:09:01,730 [main] INFO  c.s.s.c.ApplicationConfig                          - Application initialization completed 
2024-09-05 10:14:22,647 [http-nio-8080-exec-5] INFO  o.a.c.c.C.[.[.[/management]                        - Initializing Spring DispatcherServlet 'dispatcherServlet' 
2024-09-05 10:14:22,648 [http-nio-8080-exec-5] INFO  o.s.w.s.DispatcherServlet                          - Initializing Servlet 'dispatcherServlet' 
2024-09-05 10:14:22,651 [http-nio-8080-exec-5] INFO  o.s.w.s.DispatcherServlet                          - Completed initialization in 3 ms 
2024-09-05 10:16:27,790 [http-nio-8080-exec-1] INFO  o.s.a.AbstractOpenApiResource                      - Init duration for springdoc-openapi is: 2123 ms 
2024-09-05 10:21:02,481 [SpringApplicationShutdownHook] INFO  o.s.o.j.LocalContainerEntityManagerFactoryBean     - Closing JPA EntityManagerFactory for persistence unit 'default' 
2024-09-05 10:21:02,490 [SpringApplicationShutdownHook] INFO  c.z.h.HikariDataSource                             - HikariPool-1 - Shutdown initiated... 
2024-09-05 10:21:02,535 [SpringApplicationShutdownHook] INFO  c.z.h.HikariDataSource                             - HikariPool-1 - Shutdown completed. 
2024-09-05 10:21:35,065 [background-preinit] INFO  o.h.v.i.u.Version                                  - HV000001: Hibernate Validator 8.0.1.Final 
2024-09-05 10:21:35,441 [main] INFO  c.s.s.SpringBootProjectApplication                 - Starting SpringBootProjectApplication using Java 21.0.3 with PID 7740 (D:\Desktop\hocjava\spring_boot_project\target\classes started by HP in D:\Desktop\hocjava\spring_boot_project) 
2024-09-05 10:21:35,456 [main] INFO  c.s.s.SpringBootProjectApplication                 - No active profile set, falling back to 1 default profile: "default" 
2024-09-05 10:21:39,531 [main] INFO  o.s.d.r.c.RepositoryConfigurationDelegate          - Bootstrapping Spring Data JPA repositories in DEFAULT mode. 
2024-09-05 10:21:40,252 [main] INFO  o.s.d.r.c.RepositoryConfigurationDelegate          - Finished Spring Data repository scanning in 698 ms. Found 6 JPA repository interfaces. 
2024-09-05 10:21:44,104 [main] INFO  o.s.b.w.e.t.TomcatWebServer                        - Tomcat initialized with port 8080 (http) 
2024-09-05 10:21:44,146 [main] INFO  o.a.c.h.Http11NioProtocol                          - Initializing ProtocolHandler ["http-nio-8080"] 
2024-09-05 10:21:44,153 [main] INFO  o.a.c.c.StandardService                            - Starting service [Tomcat] 
2024-09-05 10:21:44,155 [main] INFO  o.a.c.c.StandardEngine                             - Starting Servlet engine: [Apache Tomcat/10.1.26] 
2024-09-05 10:21:44,448 [main] INFO  o.a.c.c.C.[.[.[/management]                        - Initializing Spring embedded WebApplicationContext 
2024-09-05 10:21:44,453 [main] INFO  o.s.b.w.s.c.ServletWebServerApplicationContext     - Root WebApplicationContext: initialization completed in 8834 ms 
2024-09-05 10:21:45,116 [main] INFO  o.h.j.i.u.LogHelper                                - HHH000204: Processing PersistenceUnitInfo [name: default] 
2024-09-05 10:21:45,300 [main] INFO  o.h.Version                                        - HHH000412: Hibernate ORM core version 6.4.9.Final 
2024-09-05 10:21:45,483 [main] INFO  o.h.c.i.RegionFactoryInitiator                     - HHH000026: Second-level cache disabled 
2024-09-05 10:21:46,493 [main] INFO  o.s.o.j.p.SpringPersistenceUnitInfo                - No LoadTimeWeaver setup: ignoring JPA class transformer 
2024-09-05 10:21:46,628 [main] INFO  c.z.h.HikariDataSource                             - HikariPool-1 - Starting... 
2024-09-05 10:21:47,847 [main] INFO  c.z.h.p.HikariPool                                 - HikariPool-1 - Added connection com.mysql.cj.jdbc.ConnectionImpl@4be460e5 
2024-09-05 10:21:47,852 [main] INFO  c.z.h.HikariDataSource                             - HikariPool-1 - Start completed. 
2024-09-05 10:21:48,221 [main] WARN  o.h.o.deprecation                                  - HHH90000025: MySQLDialect does not need to be specified explicitly using 'hibernate.dialect' (remove the property setting and it will be selected by default) 
2024-09-05 10:21:53,187 [main] INFO  o.h.e.t.j.p.i.JtaPlatformInitiator                 - HHH000489: No JTA platform available (set 'hibernate.transaction.jta.platform' to enable JTA platform integration) 
2024-09-05 10:21:53,492 [main] INFO  o.s.o.j.LocalContainerEntityManagerFactoryBean     - Initialized JPA EntityManagerFactory for persistence unit 'default' 
2024-09-05 10:21:55,357 [main] INFO  o.s.d.j.r.q.QueryEnhancerFactory                   - Hibernate is in classpath; If applicable, HQL parser will be used. 
2024-09-05 10:21:58,598 [main] WARN  o.s.b.a.o.j.JpaBaseConfiguration$JpaWebConfiguration - spring.jpa.open-in-view is enabled by default. Therefore, database queries may be performed during view rendering. Explicitly configure spring.jpa.open-in-view to disable this warning 
2024-09-05 10:21:59,787 [main] INFO  o.s.s.w.DefaultSecurityFilterChain                 - Will secure any request with [org.springframework.security.web.session.DisableEncodeUrlFilter@34f3189, org.springframework.security.web.context.request.async.WebAsyncManagerIntegrationFilter@aab0379, org.springframework.security.web.context.SecurityContextHolderFilter@4d400e77, org.springframework.security.web.header.HeaderWriterFilter@60c95d8, org.springframework.web.filter.CorsFilter@4916619e, org.springframework.security.web.authentication.logout.LogoutFilter@5c085d4a, com.springboot.spring_boot_project.filter.JwtAuthFilter@2a41d17a, org.springframework.security.web.savedrequest.RequestCacheAwareFilter@1f41742f, org.springframework.security.web.servletapi.SecurityContextHolderAwareRequestFilter@78d816e6, org.springframework.security.web.authentication.AnonymousAuthenticationFilter@52d57307, org.springframework.security.web.session.SessionManagementFilter@3e3a7482, org.springframework.security.web.access.ExceptionTranslationFilter@3bbd9232, org.springframework.security.web.access.intercept.AuthorizationFilter@12136fc6] 
2024-09-05 10:22:00,822 [main] INFO  o.a.c.h.Http11NioProtocol                          - Starting ProtocolHandler ["http-nio-8080"] 
2024-09-05 10:22:00,874 [main] INFO  o.s.b.w.e.t.TomcatWebServer                        - Tomcat started on port 8080 (http) with context path '/management' 
2024-09-05 10:22:00,914 [main] INFO  c.s.s.SpringBootProjectApplication                 - Started SpringBootProjectApplication in 26.878 seconds (process running for 29.78) 
2024-09-05 10:22:01,359 [main] INFO  c.s.s.c.ApplicationConfig                          - Application initialization completed 
2024-09-05 10:22:06,987 [http-nio-8080-exec-1] INFO  o.a.c.c.C.[.[.[/management]                        - Initializing Spring DispatcherServlet 'dispatcherServlet' 
2024-09-05 10:22:06,988 [http-nio-8080-exec-1] INFO  o.s.w.s.DispatcherServlet                          - Initializing Servlet 'dispatcherServlet' 
2024-09-05 10:22:07,054 [http-nio-8080-exec-1] INFO  o.s.w.s.DispatcherServlet                          - Completed initialization in 3 ms 
2024-09-05 10:22:10,408 [http-nio-8080-exec-9] INFO  o.s.a.AbstractOpenApiResource                      - Init duration for springdoc-openapi is: 2274 ms 
2024-09-05 11:04:06,752 [SpringApplicationShutdownHook] INFO  o.s.o.j.LocalContainerEntityManagerFactoryBean     - Closing JPA EntityManagerFactory for persistence unit 'default' 
2024-09-05 11:04:06,758 [SpringApplicationShutdownHook] INFO  c.z.h.HikariDataSource                             - HikariPool-1 - Shutdown initiated... 
2024-09-05 11:04:06,786 [SpringApplicationShutdownHook] INFO  c.z.h.HikariDataSource                             - HikariPool-1 - Shutdown completed. 
